Calling server URL:  https://activityperson.herokuapp.com

APPLICATION/JSON

Request#3.1
Total number of persons in the database: 10
First person's id: 1
Last person's id: 37

Request#1:
GET /person/ Accept: APPLICATION/JSON Content-Type: APPLICATION/JSON
=> Result: OK
=> HTTP Status: 200 OK
Body: 
[ {
  "personId" : 1,
  "firstName" : "Parul",
  "lastName" : "Sonkiya",
  "birthDate" : 1510354800000,
  "activitypreference" : [ {
    "activityId" : 2,
    "name" : "Squash",
    "description" : "Squash Court in Sanbapolis",
    "place" : "Trento",
    "type" : "Sport",
    "startdate" : 1510354800000
  }, {
    "activityId" : 3,
    "name" : "Jogging",
    "description" : "Jogging on Golden Gate Bridge",
    "place" : "San Francisco",
    "type" : "Sport",
    "startdate" : 1510354800000
  }, {
    "activityId" : 42,
    "name" : "Swimming",
    "description" : "Swimming in the river",
    "place" : "Adige river",
    "type" : "Travel",
    "startdate" : 1514447400000
  } ]
}, {
  "personId" : 4,
  "firstName" : "Rohit",
  "lastName" : "Prakash",
  "birthDate" : 1511523283855,
  "activitypreference" : [ {
    "activityId" : 5,
    "name" : "Dance",
    "description" : "Salsa dance classes",
    "place" : "Madrid",
    "type" : "Culture",
    "startdate" : 1511523283855
  }, {
    "activityId" : 6,
    "name" : "Workshop",
    "description" : "Design Thinking Workshop",
    "place" : "Jaipur",
    "type" : "Work",
    "startdate" : 1511523283855
  } ]
}, {
  "personId" : 7,
  "firstName" : "Parul",
  "lastName" : "Jain",
  "birthDate" : 1511523283876,
  "activitypreference" : [ {
    "activityId" : 8,
    "name" : "Culture class",
    "description" : "Learn italian culture in CLA",
    "place" : "Trento",
    "type" : "Culture",
    "startdate" : 1511523283876
  }, {
    "activityId" : 9,
    "name" : "Yoga",
    "description" : "Yoga Teacher Training Program",
    "place" : "Mysore",
    "type" : "Sport",
    "startdate" : 1511523283876
  } ]
}, {
  "personId" : 10,
  "firstName" : "Hari",
  "lastName" : "Jhawar",
  "birthDate" : 1511523283883,
  "activitypreference" : [ {
    "activityId" : 11,
    "name" : "Party",
    "description" : "Friends get-togther",
    "place" : "Sanbapolis",
    "type" : "Social",
    "startdate" : 1511523283883
  }, {
    "activityId" : 12,
    "name" : "Team Meeting",
    "description" : "Discuss about the project",
    "place" : "Mysore",
    "type" : "Work",
    "startdate" : 1511523283883
  } ]
}, {
  "personId" : 13,
  "firstName" : "Renu",
  "lastName" : "Jhalani",
  "birthDate" : 1511523283888,
  "activitypreference" : [ {
    "activityId" : 14,
    "name" : "Trekking",
    "description" : "Mountain trekking and rock climbing",
    "place" : "Shimla",
    "type" : "Sport",
    "startdate" : 1511523283888
  }, {
    "activityId" : 15,
    "name" : "Travelling",
    "description" : "Visit historical places in the country",
    "place" : "Italy",
    "type" : "Travel",
    "startdate" : 1511523283888
  } ]
}, {
  "personId" : 25,
  "firstName" : "Surbhi",
  "lastName" : "Sonkiya",
  "birthDate" : 1511525015116,
  "activitypreference" : [ {
    "activityId" : 26,
    "name" : "Squash",
    "description" : "Squash Court in Sanbapolis",
    "place" : "Trento",
    "type" : "Sport",
    "startdate" : 1511525015116
  }, {
    "activityId" : 27,
    "name" : "Jogging",
    "description" : "Jogging on Golden Gate Bridge",
    "place" : "San Francisco",
    "type" : "Sport",
    "startdate" : 1511525015116
  } ]
}, {
  "personId" : 28,
  "firstName" : "Rohit",
  "lastName" : "Prakash",
  "birthDate" : 1511525015830,
  "activitypreference" : [ {
    "activityId" : 29,
    "name" : "Dance",
    "description" : "Salsa dance classes",
    "place" : "Madrid",
    "type" : "Culture",
    "startdate" : 1511525015830
  }, {
    "activityId" : 30,
    "name" : "Workshop",
    "description" : "Design Thinking Workshop",
    "place" : "Jaipur",
    "type" : "Work",
    "startdate" : 1511525015830
  } ]
}, {
  "personId" : 31,
  "firstName" : "Parul",
  "lastName" : "Jain",
  "birthDate" : 1511525015836,
  "activitypreference" : [ {
    "activityId" : 32,
    "name" : "Culture class",
    "description" : "Learn italian culture in CLA",
    "place" : "Trento",
    "type" : "Culture",
    "startdate" : 1511525015836
  }, {
    "activityId" : 33,
    "name" : "Yoga",
    "description" : "Yoga Teacher Training Program",
    "place" : "Mysore",
    "type" : "Sport",
    "startdate" : 1511525015836
  } ]
}, {
  "personId" : 34,
  "firstName" : "Hari",
  "lastName" : "Jhawar",
  "birthDate" : 1511525015841,
  "activitypreference" : [ {
    "activityId" : 35,
    "name" : "Party",
    "description" : "Friends get-togther",
    "place" : "Sanbapolis",
    "type" : "Social",
    "startdate" : 1511525015841
  }, {
    "activityId" : 36,
    "name" : "Team Meeting",
    "description" : "Discuss about the project",
    "place" : "Mysore",
    "type" : "Work",
    "startdate" : 1511525015841
  } ]
}, {
  "personId" : 37,
  "firstName" : "Renu",
  "lastName" : "Jhalani",
  "birthDate" : 1511525015846,
  "activitypreference" : [ {
    "activityId" : 38,
    "name" : "Trekking",
    "description" : "Mountain trekking and rock climbing",
    "place" : "Shimla",
    "type" : "Sport",
    "startdate" : 1511525015846
  }, {
    "activityId" : 39,
    "name" : "Travelling",
    "description" : "Visit historical places in the country",
    "place" : "Italy",
    "type" : "Travel",
    "startdate" : 1511525015846
  } ]
} ]


Request#3.2

Request#2:
GET /person/1 Accept: APPLICATION/JSON Content-Type: APPLICATION/JSON
=> Result: OK
=> HTTP Status: 200 OK
Body: 
{
  "personId" : 1,
  "firstName" : "Parul",
  "lastName" : "Sonkiya",
  "birthDate" : 1510354800000,
  "activitypreference" : [ {
    "activityId" : 2,
    "name" : "Squash",
    "description" : "Squash Court in Sanbapolis",
    "place" : "Trento",
    "type" : "Sport",
    "startdate" : 1510354800000
  }, {
    "activityId" : 3,
    "name" : "Jogging",
    "description" : "Jogging on Golden Gate Bridge",
    "place" : "San Francisco",
    "type" : "Sport",
    "startdate" : 1510354800000
  }, {
    "activityId" : 42,
    "name" : "Swimming",
    "description" : "Swimming in the river",
    "place" : "Adige river",
    "type" : "Travel",
    "startdate" : 1514447400000
  } ]
}


Request#3.3

Request#3:
PUT /person/1 Accept: APPLICATION/JSON Content-Type: APPLICATION/JSON
=> Result: OK
=> HTTP Status: 201 Created
Updated person: {
  "personId" : 1,
  "firstName" : "Rohit",
  "lastName" : "Sonkiya",
  "birthDate" : 1510354800000,
  "activitypreference" : [ {
    "activityId" : 2,
    "name" : "Squash",
    "description" : "Squash Court in Sanbapolis",
    "place" : "Trento",
    "type" : "Sport",
    "startdate" : 1510354800000
  }, {
    "activityId" : 3,
    "name" : "Jogging",
    "description" : "Jogging on Golden Gate Bridge",
    "place" : "San Francisco",
    "type" : "Sport",
    "startdate" : 1510354800000
  } ]
}

Request#3.4

Request #4:
POST /person/ Accept: APPLICATION/JSON Content-Type: APPLICATION/JSON
=> Result: OK
=> HTTP Status: 200 OK
Body: 
{
  "personId" : 43,
  "firstName" : "Priyanka",
  "lastName" : "Chopra",
  "birthDate" : 1510354800000,
  "activitypreference" : [ {
    "activityId" : 44,
    "name" : "Cycle",
    "description" : "Cycle from Jaipur to Ajmer",
    "place" : "Rajasthan",
    "type" : "Sport",
    "startdate" : 1510354800000
  } ]
}


New person added with id: 43

Request#3.5

Request#5:
DELETE /person/43 Accept: APPLICATION/JSON Content-Type: APPLICATION/JSON
=> Result: OK
=> HTTP Status: 204 No Content

Request#3.6

Request#6:
GET /activity_type/ Accept: APPLICATION/JSON Content-Type: APPLICATION/JSON
=> Result: OK
=> HTTP Status: 200 OK
Body: 
[ "Sport", "Social", "Work", "Travel", "Culture" ]


Request#3.7

Request#7a: Activities for the first person: 

GET /person/1/Sport Accept: APPLICATION/JSON Content-Type: APPLICATION/JSON
=> Result: OK
=> HTTP Status: 200 OK
Body: 
[ {
  "activityId" : 2,
  "name" : "Squash",
  "description" : "Squash Court in Sanbapolis",
  "place" : "Trento",
  "type" : "Sport",
  "startdate" : 1510354800000
}, {
  "activityId" : 3,
  "name" : "Jogging",
  "description" : "Jogging on Golden Gate Bridge",
  "place" : "San Francisco",
  "type" : "Sport",
  "startdate" : 1510354800000
} ]

GET /person/1/Social Accept: APPLICATION/JSON Content-Type: APPLICATION/JSON
=> Result: ERROR
=> HTTP Status: 200 OK
Body: 
[ ]

GET /person/1/Work Accept: APPLICATION/JSON Content-Type: APPLICATION/JSON
=> Result: ERROR
=> HTTP Status: 200 OK
Body: 
[ ]

GET /person/1/Travel Accept: APPLICATION/JSON Content-Type: APPLICATION/JSON
=> Result: ERROR
=> HTTP Status: 200 OK
Body: 
[ ]

GET /person/1/Culture Accept: APPLICATION/JSON Content-Type: APPLICATION/JSON
=> Result: ERROR
=> HTTP Status: 200 OK
Body: 
[ ]


Request#7b: Activities for the last person: 

GET /person/37/Sport Accept: APPLICATION/JSON Content-Type: APPLICATION/JSON
=> Result: OK
=> HTTP Status: 200 OK
Body: 
[ {
  "activityId" : 38,
  "name" : "Trekking",
  "description" : "Mountain trekking and rock climbing",
  "place" : "Shimla",
  "type" : "Sport",
  "startdate" : 1511525015846
} ]

GET /person/37/Social Accept: APPLICATION/JSON Content-Type: APPLICATION/JSON
=> Result: ERROR
=> HTTP Status: 200 OK
Body: 
[ ]

GET /person/37/Work Accept: APPLICATION/JSON Content-Type: APPLICATION/JSON
=> Result: ERROR
=> HTTP Status: 200 OK
Body: 
[ ]

GET /person/37/Travel Accept: APPLICATION/JSON Content-Type: APPLICATION/JSON
=> Result: OK
=> HTTP Status: 200 OK
Body: 
[ {
  "activityId" : 39,
  "name" : "Travelling",
  "description" : "Visit historical places in the country",
  "place" : "Italy",
  "type" : "Travel",
  "startdate" : 1511525015846
} ]

GET /person/37/Culture Accept: APPLICATION/JSON Content-Type: APPLICATION/JSON
=> Result: ERROR
=> HTTP Status: 200 OK
Body: 
[ ]

Request#7 response:
Activity id saved: 2
Activity type saved: Sport

Request#3.8

Request#8:
GET /person/1/Sport/2 Accept: APPLICATION/JSON Content-Type: APPLICATION/JSON
=> Result: OK
=> HTTP Status: 200 OK
Body: 
[ {
  "activityId" : 2,
  "name" : "Squash",
  "description" : "Squash Court in Sanbapolis",
  "place" : "Trento",
  "type" : "Sport",
  "startdate" : 1510354800000
} ]


Request#3.9
New Activity Id 45

Request #9:
POST /person/1/SPORT Accept: APPLICATION/JSON Content-Type: APPLICATION/JSON
=> Result: OK
=> HTTP Status: 200 OK
Body: 
{
  "activityId" : 45,
  "name" : "Swimming",
  "description" : "Swimming in the river",
  "place" : "Adige river",
  "type" : "Sport",
  "startdate" : 1514447400000
}

Request#3.10
Initial activity type: Sport
Modified activity type: Travel

Request #10:
PUT /person/1/TRAVEL/45 Accept: APPLICATION/JSON Content-Type: APPLICATION/JSON
=> Result: OK
=> HTTP Status: 200 OK
Body: 
{
  "activityId" : 45,
  "name" : "Swimming",
  "description" : "Swimming in the river",
  "place" : "Adige river",
  "type" : "Travel",
  "startdate" : 1514447400000
}

Request#3.11
Response[ {
  "activityId" : 2,
  "name" : "Squash",
  "description" : "Squash Court in Sanbapolis",
  "place" : "Trento",
  "type" : "Sport",
  "startdate" : 1510354800000
}, {
  "activityId" : 3,
  "name" : "Jogging",
  "description" : "Jogging on Golden Gate Bridge",
  "place" : "San Francisco",
  "type" : "Sport",
  "startdate" : 1510354800000
} ]

Request#11:
GET /person/1/Sport?before=2017-12-28T08:50:00&after=2017-10-10T00:00:00 Accept: APPLICATION/JSON Content-Type: APPLICATION/JSON
=> Result: OK
=> HTTP Status: 200 OK
Body: 
[ {
  "activityId" : 2,
  "name" : "Squash",
  "description" : "Squash Court in Sanbapolis",
  "place" : "Trento",
  "type" : "Sport",
  "startdate" : 1510354800000
}, {
  "activityId" : 3,
  "name" : "Jogging",
  "description" : "Jogging on Golden Gate Bridge",
  "place" : "San Francisco",
  "type" : "Sport",
  "startdate" : 1510354800000
} ]

